Copyright 1986-2022 Xilinx, Inc. All Rights Reserved.
----------------------------------------------------------------------------------------------------------------------------------------------------------------------------------------
| Tool Version     : Vivado v.2022.1 (win64) Build 3526262 Mon Apr 18 15:48:16 MDT 2022
| Date             : Wed Dec 18 16:02:36 2024
| Host             : HSHL2NBIBL050 running 64-bit major release  (build 9200)
| Command          : report_power -file Hardware_final_wrapper_power_routed.rpt -pb Hardware_final_wrapper_power_summary_routed.pb -rpx Hardware_final_wrapper_power_routed.rpx
| Design           : Hardware_final_wrapper
| Device           : xc7a100tcsg324-1
| Design State     : routed
| Grade            : commercial
| Process          : typical
| Characterization : Production
----------------------------------------------------------------------------------------------------------------------------------------------------------------------------------------

Power Report

Table of Contents
-----------------
1. Summary
1.1 On-Chip Components
1.2 Power Supply Summary
1.3 Confidence Level
2. Settings
2.1 Environment
2.2 Clock Constraints
3. Detailed Reports
3.1 By Hierarchy

1. Summary
----------

+--------------------------+--------------+
| Total On-Chip Power (W)  | 0.238        |
| Design Power Budget (W)  | Unspecified* |
| Power Budget Margin (W)  | NA           |
| Dynamic (W)              | 0.139        |
| Device Static (W)        | 0.099        |
| Effective TJA (C/W)      | 4.6          |
| Max Ambient (C)          | 83.9         |
| Junction Temperature (C) | 26.1         |
| Confidence Level         | Low          |
| Setting File             | ---          |
| Simulation Activity File | ---          |
| Design Nets Matched      | NA           |
+--------------------------+--------------+
* Specify Design Power Budget using, set_operating_conditions -design_power_budget <value in Watts>


1.1 On-Chip Components
----------------------

+--------------------------+-----------+----------+-----------+-----------------+
| On-Chip                  | Power (W) | Used     | Available | Utilization (%) |
+--------------------------+-----------+----------+-----------+-----------------+
| Clocks                   |     0.016 |        8 |       --- |             --- |
| Slice Logic              |     0.005 |     7443 |       --- |             --- |
|   LUT as Logic           |     0.003 |     2604 |     63400 |            4.11 |
|   LUT as Distributed RAM |    <0.001 |      108 |     19000 |            0.57 |
|   Register               |    <0.001 |     2973 |    126800 |            2.34 |
|   CARRY4                 |    <0.001 |       55 |     15850 |            0.35 |
|   F7/F8 Muxes            |    <0.001 |      123 |     63400 |            0.19 |
|   LUT as Shift Register  |    <0.001 |       96 |     19000 |            0.51 |
|   Others                 |    <0.001 |      702 |       --- |             --- |
| Signals                  |     0.009 |     5057 |       --- |             --- |
| Block RAM                |     0.008 |       32 |       135 |           23.70 |
| MMCM                     |     0.096 |        1 |         6 |           16.67 |
| I/O                      |     0.007 |       22 |       210 |           10.48 |
| Static Power             |     0.099 |          |           |                 |
| Total                    |     0.238 |          |           |                 |
+--------------------------+-----------+----------+-----------+-----------------+


1.2 Power Supply Summary
------------------------

+-----------+-------------+-----------+-------------+------------+-------------+-------------+------------+
| Source    | Voltage (V) | Total (A) | Dynamic (A) | Static (A) | Powerup (A) | Budget (A)  | Margin (A) |
+-----------+-------------+-----------+-------------+------------+-------------+-------------+------------+
| Vccint    |       1.000 |     0.053 |       0.037 |      0.016 |       NA    | Unspecified | NA         |
| Vccaux    |       1.800 |     0.071 |       0.053 |      0.018 |       NA    | Unspecified | NA         |
| Vcco33    |       3.300 |     0.006 |       0.002 |      0.004 |       NA    | Unspecified | NA         |
| Vcco25    |       2.500 |     0.000 |       0.000 |      0.000 |       NA    | Unspecified | NA         |
| Vcco18    |       1.800 |     0.000 |       0.000 |      0.000 |       NA    | Unspecified | NA         |
| Vcco15    |       1.500 |     0.000 |       0.000 |      0.000 |       NA    | Unspecified | NA         |
| Vcco135   |       1.350 |     0.000 |       0.000 |      0.000 |       NA    | Unspecified | NA         |
| Vcco12    |       1.200 |     0.000 |       0.000 |      0.000 |       NA    | Unspecified | NA         |
| Vccaux_io |       1.800 |     0.000 |       0.000 |      0.000 |       NA    | Unspecified | NA         |
| Vccbram   |       1.000 |     0.002 |       0.001 |      0.001 |       NA    | Unspecified | NA         |
| MGTAVcc   |       1.000 |     0.000 |       0.000 |      0.000 |       NA    | Unspecified | NA         |
| MGTAVtt   |       1.200 |     0.000 |       0.000 |      0.000 |       NA    | Unspecified | NA         |
| Vccadc    |       1.800 |     0.020 |       0.000 |      0.020 |       NA    | Unspecified | NA         |
+-----------+-------------+-----------+-------------+------------+-------------+-------------+------------+


1.3 Confidence Level
--------------------

+-----------------------------+------------+--------------------------------------------------------+------------------------------------------------------------------------------------------------------------+
| User Input Data             | Confidence | Details                                                | Action                                                                                                     |
+-----------------------------+------------+--------------------------------------------------------+------------------------------------------------------------------------------------------------------------+
| Design implementation state | High       | Design is routed                                       |                                                                                                            |
| Clock nodes activity        | High       | User specified more than 95% of clocks                 |                                                                                                            |
| I/O nodes activity          | Low        | More than 75% of inputs are missing user specification | Provide missing input activity with simulation results or by editing the "By Resource Type -> I/Os" view   |
| Internal nodes activity     | Medium     | User specified less than 25% of internal nodes         | Provide missing internal nodes activity with simulation results or by editing the "By Resource Type" views |
| Device models               | High       | Device models are Production                           |                                                                                                            |
|                             |            |                                                        |                                                                                                            |
| Overall confidence level    | Low        |                                                        |                                                                                                            |
+-----------------------------+------------+--------------------------------------------------------+------------------------------------------------------------------------------------------------------------+


2. Settings
-----------

2.1 Environment
---------------

+-----------------------+--------------------------+
| Ambient Temp (C)      | 25.0                     |
| ThetaJA (C/W)         | 4.6                      |
| Airflow (LFM)         | 250                      |
| Heat Sink             | medium (Medium Profile)  |
| ThetaSA (C/W)         | 4.6                      |
| Board Selection       | medium (10"x10")         |
| # of Board Layers     | 12to15 (12 to 15 Layers) |
| Board Temperature (C) | 25.0                     |
+-----------------------+--------------------------+


2.2 Clock Constraints
---------------------

+------------------------------------------------------------------+---------------------------------------------------------------------+-----------------+
| Clock                                                            | Domain                                                              | Constraint (ns) |
+------------------------------------------------------------------+---------------------------------------------------------------------+-----------------+
| Hardware_final_i/mdm_1/U0/Use_E2.BSCAN_I/Use_E2.BSCANE2_I/DRCK   | Hardware_final_i/mdm_1/U0/Use_E2.BSCAN_I/DRCK                       |            33.3 |
| Hardware_final_i/mdm_1/U0/Use_E2.BSCAN_I/Use_E2.BSCANE2_I/UPDATE | Hardware_final_i/mdm_1/U0/Use_E2.BSCAN_I/Dbg_Update_0               |            33.3 |
| clk_out1_Hardware_final_clk_wiz_1_0                              | Hardware_final_i/clk_wiz_1/inst/clk_out1_Hardware_final_clk_wiz_1_0 |            10.0 |
| clk_out2_Hardware_final_clk_wiz_1_0                              | Hardware_final_i/clk_wiz_1/inst/clk_out2_Hardware_final_clk_wiz_1_0 |            12.5 |
| clkfbout_Hardware_final_clk_wiz_1_0                              | Hardware_final_i/clk_wiz_1/inst/clkfbout_Hardware_final_clk_wiz_1_0 |            10.0 |
| sys_clock                                                        | sys_clock                                                           |            10.0 |
+------------------------------------------------------------------+---------------------------------------------------------------------+-----------------+


3. Detailed Reports
-------------------

3.1 By Hierarchy
----------------

+-------------------------------+-----------+
| Name                          | Power (W) |
+-------------------------------+-----------+
| Hardware_final_wrapper        |     0.139 |
|   Hardware_final_i            |     0.132 |
|     PmodACL_0                 |     0.005 |
|       inst                    |     0.005 |
|     PmodBLE_0                 |     0.003 |
|       inst                    |     0.003 |
|     axi_iic_Temprature        |     0.002 |
|       U0                      |     0.002 |
|     clk_wiz_1                 |     0.096 |
|       inst                    |     0.096 |
|     microblaze_0              |     0.014 |
|       U0                      |     0.014 |
|     microblaze_0_axi_intc     |     0.001 |
|       U0                      |     0.001 |
|     microblaze_0_axi_periph   |     0.001 |
|       xbar                    |     0.001 |
|     microblaze_0_local_memory |     0.008 |
|       lmb_bram                |     0.008 |
|   ja_pin10_iobuf              |     0.001 |
|   jc_pin2_iobuf               |     0.001 |
+-------------------------------+-----------+


